

====================> NEW TCL SESSION

(04/23/21 16:47:22)
Command:
if { ! [ winfo exists .deb.tit ] } { 			set fntSz [ expr { [ font metrics [ ttk::style lookup boldSmall.TLabel -font ] - linespace ] + 2 } ]; 			ttk::frame .deb.tit -height [ expr { $fntSz + $vspcszD } ]; 			ttk::label .deb.tit.name1 -style boldSmall.TLabel -text Variable -anchor w; 			ttk::label .deb.tit.val1 -style hlBoldSmall.TLabel -text Value; 			ttk::label .deb.tit.last1 -style boldSmall.TLabel -text "Updated"; 			ttk::label .deb.tit.pad -style boldSmall.TLabel; 			ttk::label .deb.tit.name2 -style boldSmall.TLabel -text Variable -anchor w; 			ttk::label .deb.tit.val2 -style hlBoldSmall.TLabel -text Value; 			ttk::label .deb.tit.last2 -style boldSmall.TLabel -text "Updated"; 			placeline { .deb.tit.name1 .deb.tit.val1 .deb.tit.last1 .deb.tit.pad .deb.tit.name2 .deb.tit.val2 .deb.tit.last2 } [ list $hnamshD $hvalshD $hupdshD $hpadshD $hnamshD $hvalshD $hupdshD ] 0 $fntSz; 			pack .deb.tit -anchor w -fill x -after .deb.v 		}
Message:
wrong # args: should be "font metrics font ?-displayof window? ?option?"
-----

(04/23/21 16:47:22)
Command:
if [ winfo exists .deb.cc ] { 			$g.can delete all; 			if { ! %d } { 				$g.can yview moveto 0; 				unset -nocomplain lstDebPos 			} 		} { 			ttk::frame .deb.cc; 			ttk::frame $g; 			grid $g; 			grid rowconfigure $g 0 -weight 1; 			grid columnconfigure $g 0 -weight 1; 			grid propagate $g 0; 			set lastDebSz { 0 0 }; 			set debDone 0; 			set fntWid [ font measure [ ttk::style lookup TLabel -font active TkDefaultFont ] 0 ]; 			set hcharszD [ expr { int( ( $hsizeDmin - 15 ) / $fntWid ) } ]; 			set hnamszD [ expr { round( $hnamshD * $hcharszD ) } ]; 			set hvalszD [ expr { round( $hvalshD * $hcharszD ) } ]; 			set hupdszD [ expr { round( $hupdshD * $hcharszD ) } ]; 			set hpadszD [ expr { round( $hpadshD * $hcharszD ) - 1 } ]; 			ttk::canvas $g.can -yscrollcommand { .deb.cc.grid.scroll set } -entry 0 -dark $darkTheme; 			ttk::scrollbar $g.scroll -command { .deb.cc.grid.can yview }; 			grid $g.can $g.scroll -sticky nsew; 			mouse_wheel $g.can; 			pack .deb.cc -anchor w -expand 1 -fill both -after .deb.tit; 			bind .deb <Configure> { 				if { ! [ info exists debConfRun ] } { 					set debConfRun 1; 					set debSz [ list [ winfo width .deb ] [ winfo height .deb ] ]; 					if { $debSz != $lastDebSz || ( $debDone == 1 && ! [ info exists debButHgt ] ) } { 						update idletasks; 						set lastDebSz $debSz; 						set canBbox [ $g.can bbox all ]; 						if { $debDone == 1 } { 							set desWid [ winfo width .deb.cc ]; 							set desHgt [ winfo height .deb.cc ]; 							if { ! [ info exists debButHgt ] } { 								set debButHgt [ expr { [ lindex $debSz 1 ] - $desHgt } ]; 							} elseif { $debButHgt > [ expr { [ lindex $debSz 1 ] - $desHgt } ] } { 								set desHgt [ expr { [ lindex $debSz 1 ] - $debButHgt } ] 							}; 							$g configure -width $desWid -height $desHgt; 							$g.can configure -scrollregion $canBbox 						} { 							set desWid [ expr { max( [ lindex $canBbox 2 ] - [ lindex $canBbox 0 ], 400 ) } ]; 							set desHgt [ expr { max( [ lindex $canBbox 3 ] - [ lindex $canBbox 1 ], 250 ) } ]; 							unset -nocomplain debButHgt 						}; 					} elseif { $debDone == 2 } { 						set debDone 1; 						$g.can configure -scrollregion [ $g.can bbox all ] 					}; 					unset debConfRun 				} 			} 		}
Message:
bad window path name ".deb.tit"
-----

(04/23/21 16:47:23)
Command:
pack .deb.b -padx $butPad -pady $butPad -side right -after .deb.cc
Message:
window ".deb.cc" isn't packed
-----

(04/23/21 16:49:02)
Command:
if { ! [ winfo exists .deb.tit ] } { 			set fntSz [ expr { [ font metrics [ ttk::style lookup boldSmall.TLabel -font ] - linespace ] + 2 } ]; 			ttk::frame .deb.tit -height [ expr { $fntSz + $vspcszD } ]; 			ttk::label .deb.tit.name1 -style boldSmall.TLabel -text Variable -anchor w; 			ttk::label .deb.tit.val1 -style hlBoldSmall.TLabel -text Value; 			ttk::label .deb.tit.last1 -style boldSmall.TLabel -text "Updated"; 			ttk::label .deb.tit.pad -style boldSmall.TLabel; 			ttk::label .deb.tit.name2 -style boldSmall.TLabel -text Variable -anchor w; 			ttk::label .deb.tit.val2 -style hlBoldSmall.TLabel -text Value; 			ttk::label .deb.tit.last2 -style boldSmall.TLabel -text "Updated"; 			placeline { .deb.tit.name1 .deb.tit.val1 .deb.tit.last1 .deb.tit.pad .deb.tit.name2 .deb.tit.val2 .deb.tit.last2 } [ list $hnamshD $hvalshD $hupdshD $hpadshD $hnamshD $hvalshD $hupdshD ] 0 $fntSz; 			pack .deb.tit -anchor w -fill x -after .deb.v 		}
Message:
wrong # args: should be "font metrics font ?-displayof window? ?option?"
-----

(04/23/21 16:49:02)
Command:
if [ winfo exists .deb.cc ] { 			$g.can delete all; 			if { ! %d } { 				$g.can yview moveto 0; 				unset -nocomplain lstDebPos 			} 		} { 			ttk::frame .deb.cc; 			ttk::frame $g; 			grid $g; 			grid rowconfigure $g 0 -weight 1; 			grid columnconfigure $g 0 -weight 1; 			grid propagate $g 0; 			set lastDebSz { 0 0 }; 			set debDone 0; 			set fntWid [ font measure [ ttk::style lookup TLabel -font active TkDefaultFont ] 0 ]; 			set hcharszD [ expr { int( ( $hsizeDmin - 15 ) / $fntWid ) } ]; 			set hnamszD [ expr { round( $hnamshD * $hcharszD ) } ]; 			set hvalszD [ expr { round( $hvalshD * $hcharszD ) } ]; 			set hupdszD [ expr { round( $hupdshD * $hcharszD ) } ]; 			set hpadszD [ expr { round( $hpadshD * $hcharszD ) - 1 } ]; 			ttk::canvas $g.can -yscrollcommand { .deb.cc.grid.scroll set } -entry 0 -dark $darkTheme; 			ttk::scrollbar $g.scroll -command { .deb.cc.grid.can yview }; 			grid $g.can $g.scroll -sticky nsew; 			mouse_wheel $g.can; 			pack .deb.cc -anchor w -expand 1 -fill both -after .deb.tit; 			bind .deb <Configure> { 				if { ! [ info exists debConfRun ] } { 					set debConfRun 1; 					set debSz [ list [ winfo width .deb ] [ winfo height .deb ] ]; 					if { $debSz != $lastDebSz || ( $debDone == 1 && ! [ info exists debButHgt ] ) } { 						update idletasks; 						set lastDebSz $debSz; 						set canBbox [ $g.can bbox all ]; 						if { $debDone == 1 } { 							set desWid [ winfo width .deb.cc ]; 							set desHgt [ winfo height .deb.cc ]; 							if { ! [ info exists debButHgt ] } { 								set debButHgt [ expr { [ lindex $debSz 1 ] - $desHgt } ]; 							} elseif { $debButHgt > [ expr { [ lindex $debSz 1 ] - $desHgt } ] } { 								set desHgt [ expr { [ lindex $debSz 1 ] - $debButHgt } ] 							}; 							$g configure -width $desWid -height $desHgt; 							$g.can configure -scrollregion $canBbox 						} { 							set desWid [ expr { max( [ lindex $canBbox 2 ] - [ lindex $canBbox 0 ], 400 ) } ]; 							set desHgt [ expr { max( [ lindex $canBbox 3 ] - [ lindex $canBbox 1 ], 250 ) } ]; 							unset -nocomplain debButHgt 						}; 					} elseif { $debDone == 2 } { 						set debDone 1; 						$g.can configure -scrollregion [ $g.can bbox all ] 					}; 					unset debConfRun 				} 			} 		}
Message:
bad window path name ".deb.tit"
-----

(04/23/21 16:49:02)
Command:
pack .deb.b -padx $butPad -pady $butPad -side right -after .deb.cc
Message:
window ".deb.cc" isn't packed
-----


====================> NEW TCL SESSION

(04/23/21 21:43:41)
Command:
if { ! [ winfo exists .deb.tit ] } { 			set fntSz [ expr { [ font metrics [ ttk::style lookup boldSmall.TLabel -font ] - linespace ] + 2 } ]; 			ttk::frame .deb.tit -height [ expr { $fntSz + $vspcszD } ]; 			ttk::label .deb.tit.name1 -style boldSmall.TLabel -text Variable -anchor w; 			ttk::label .deb.tit.val1 -style hlBoldSmall.TLabel -text Value; 			ttk::label .deb.tit.last1 -style boldSmall.TLabel -text "Updated"; 			ttk::label .deb.tit.pad -style boldSmall.TLabel; 			ttk::label .deb.tit.name2 -style boldSmall.TLabel -text Variable -anchor w; 			ttk::label .deb.tit.val2 -style hlBoldSmall.TLabel -text Value; 			ttk::label .deb.tit.last2 -style boldSmall.TLabel -text "Updated"; 			placeline { .deb.tit.name1 .deb.tit.val1 .deb.tit.last1 .deb.tit.pad .deb.tit.name2 .deb.tit.val2 .deb.tit.last2 } [ list $hnamshD $hvalshD $hupdshD $hpadshD $hnamshD $hvalshD $hupdshD ] 0 $fntSz; 			pack .deb.tit -anchor w -fill x -after .deb.v 		}
Message:
wrong # args: should be "font metrics font ?-displayof window? ?option?"
-----

(04/23/21 21:43:41)
Command:
if [ winfo exists .deb.cc ] { 			$g.can delete all; 			if { ! %d } { 				$g.can yview moveto 0; 				unset -nocomplain lstDebPos 			} 		} { 			ttk::frame .deb.cc; 			ttk::frame $g; 			grid $g; 			grid rowconfigure $g 0 -weight 1; 			grid columnconfigure $g 0 -weight 1; 			grid propagate $g 0; 			set lastDebSz { 0 0 }; 			set debDone 0; 			set fntWid [ font measure [ ttk::style lookup TLabel -font active TkDefaultFont ] 0 ]; 			set hcharszD [ expr { int( ( $hsizeDmin - 15 ) / $fntWid ) } ]; 			set hnamszD [ expr { round( $hnamshD * $hcharszD ) } ]; 			set hvalszD [ expr { round( $hvalshD * $hcharszD ) } ]; 			set hupdszD [ expr { round( $hupdshD * $hcharszD ) } ]; 			set hpadszD [ expr { round( $hpadshD * $hcharszD ) - 1 } ]; 			ttk::canvas $g.can -yscrollcommand { .deb.cc.grid.scroll set } -entry 0 -dark $darkTheme; 			ttk::scrollbar $g.scroll -command { .deb.cc.grid.can yview }; 			grid $g.can $g.scroll -sticky nsew; 			mouse_wheel $g.can; 			pack .deb.cc -anchor w -expand 1 -fill both -after .deb.tit; 			bind .deb <Configure> { 				if { ! [ info exists debConfRun ] } { 					set debConfRun 1; 					set debSz [ list [ winfo width .deb ] [ winfo height .deb ] ]; 					if { $debSz != $lastDebSz || ( $debDone == 1 && ! [ info exists debButHgt ] ) } { 						update idletasks; 						set lastDebSz $debSz; 						set canBbox [ $g.can bbox all ]; 						if { $debDone == 1 } { 							set desWid [ winfo width .deb.cc ]; 							set desHgt [ winfo height .deb.cc ]; 							if { ! [ info exists debButHgt ] } { 								set debButHgt [ expr { [ lindex $debSz 1 ] - $desHgt } ]; 							} elseif { $debButHgt > [ expr { [ lindex $debSz 1 ] - $desHgt } ] } { 								set desHgt [ expr { [ lindex $debSz 1 ] - $debButHgt } ] 							}; 							$g configure -width $desWid -height $desHgt; 							$g.can configure -scrollregion $canBbox 						} { 							set desWid [ expr { max( [ lindex $canBbox 2 ] - [ lindex $canBbox 0 ], 400 ) } ]; 							set desHgt [ expr { max( [ lindex $canBbox 3 ] - [ lindex $canBbox 1 ], 250 ) } ]; 							unset -nocomplain debButHgt 						}; 					} elseif { $debDone == 2 } { 						set debDone 1; 						$g.can configure -scrollregion [ $g.can bbox all ] 					}; 					unset debConfRun 				} 			} 		}
Message:
bad window path name ".deb.tit"
-----

(04/23/21 21:43:41)
Command:
pack .deb.b -padx $butPad -pady $butPad -side right -after .deb.cc
Message:
window ".deb.cc" isn't packed
-----


====================> NEW TCL SESSION

(04/24/21 16:09:02)
Command:
if { ! [ winfo exists .deb.tit ] } { 			set fntSz [ expr { [ font metrics [ ttk::style lookup boldSmall.TLabel -font ] - linespace ] + 2 } ]; 			ttk::frame .deb.tit -height [ expr { $fntSz + $vspcszD } ]; 			ttk::label .deb.tit.name1 -style boldSmall.TLabel -text Variable -anchor w; 			ttk::label .deb.tit.val1 -style hlBoldSmall.TLabel -text Value; 			ttk::label .deb.tit.last1 -style boldSmall.TLabel -text "Updated"; 			ttk::label .deb.tit.pad -style boldSmall.TLabel; 			ttk::label .deb.tit.name2 -style boldSmall.TLabel -text Variable -anchor w; 			ttk::label .deb.tit.val2 -style hlBoldSmall.TLabel -text Value; 			ttk::label .deb.tit.last2 -style boldSmall.TLabel -text "Updated"; 			placeline { .deb.tit.name1 .deb.tit.val1 .deb.tit.last1 .deb.tit.pad .deb.tit.name2 .deb.tit.val2 .deb.tit.last2 } [ list $hnamshD $hvalshD $hupdshD $hpadshD $hnamshD $hvalshD $hupdshD ] 0 $fntSz; 			pack .deb.tit -anchor w -fill x -after .deb.v 		}
Message:
wrong # args: should be "font metrics font ?-displayof window? ?option?"
-----

(04/24/21 16:09:03)
Command:
if [ winfo exists .deb.cc ] { 			$g.can delete all; 			if { ! %d } { 				$g.can yview moveto 0; 				unset -nocomplain lstDebPos 			} 		} { 			ttk::frame .deb.cc; 			ttk::frame $g; 			grid $g; 			grid rowconfigure $g 0 -weight 1; 			grid columnconfigure $g 0 -weight 1; 			grid propagate $g 0; 			set lastDebSz { 0 0 }; 			set debDone 0; 			set fntWid [ font measure [ ttk::style lookup TLabel -font active TkDefaultFont ] 0 ]; 			set hcharszD [ expr { int( ( $hsizeDmin - 15 ) / $fntWid ) } ]; 			set hnamszD [ expr { round( $hnamshD * $hcharszD ) } ]; 			set hvalszD [ expr { round( $hvalshD * $hcharszD ) } ]; 			set hupdszD [ expr { round( $hupdshD * $hcharszD ) } ]; 			set hpadszD [ expr { round( $hpadshD * $hcharszD ) - 1 } ]; 			ttk::canvas $g.can -yscrollcommand { .deb.cc.grid.scroll set } -entry 0 -dark $darkTheme; 			ttk::scrollbar $g.scroll -command { .deb.cc.grid.can yview }; 			grid $g.can $g.scroll -sticky nsew; 			mouse_wheel $g.can; 			pack .deb.cc -anchor w -expand 1 -fill both -after .deb.tit; 			bind .deb <Configure> { 				if { ! [ info exists debConfRun ] } { 					set debConfRun 1; 					set debSz [ list [ winfo width .deb ] [ winfo height .deb ] ]; 					if { $debSz != $lastDebSz || ( $debDone == 1 && ! [ info exists debButHgt ] ) } { 						update idletasks; 						set lastDebSz $debSz; 						set canBbox [ $g.can bbox all ]; 						if { $debDone == 1 } { 							set desWid [ winfo width .deb.cc ]; 							set desHgt [ winfo height .deb.cc ]; 							if { ! [ info exists debButHgt ] } { 								set debButHgt [ expr { [ lindex $debSz 1 ] - $desHgt } ]; 							} elseif { $debButHgt > [ expr { [ lindex $debSz 1 ] - $desHgt } ] } { 								set desHgt [ expr { [ lindex $debSz 1 ] - $debButHgt } ] 							}; 							$g configure -width $desWid -height $desHgt; 							$g.can configure -scrollregion $canBbox 						} { 							set desWid [ expr { max( [ lindex $canBbox 2 ] - [ lindex $canBbox 0 ], 400 ) } ]; 							set desHgt [ expr { max( [ lindex $canBbox 3 ] - [ lindex $canBbox 1 ], 250 ) } ]; 							unset -nocomplain debButHgt 						}; 					} elseif { $debDone == 2 } { 						set debDone 1; 						$g.can configure -scrollregion [ $g.can bbox all ] 					}; 					unset debConfRun 				} 			} 		}
Message:
bad window path name ".deb.tit"
-----

(04/24/21 16:09:03)
Command:
pack .deb.b -padx $butPad -pady $butPad -side right -after .deb.cc
Message:
window ".deb.cc" isn't packed
-----


====================> NEW TCL SESSION

(04/26/21 21:26:59)
Command:
if [ string equal $pltSavFmt eps ] { 					$daptab.tab$a.c.f.plots postscript -x $x0 -y $y0 -width [ expr { $x1 - $x0 } ] -height [ expr { $y1 - $y0 } ] -pagewidth $dd -rotate $pltSavRes -colormode $pltSavCmod -file "$fn" 				} else { 					canvas2svg $daptab.tab$a.c.f.plots "$fn" "$x0 $y0 $x1 $y1" $pltSavCmod %s 				}
Message:
Invalid canvas window or file
-----

(04/26/21 21:28:12)
Command:
if [ string equal $pltSavFmt eps ] { 					$daptab.tab$a.c.f.plots postscript -x $x0 -y $y0 -width [ expr { $x1 - $x0 } ] -height [ expr { $y1 - $y0 } ] -pagewidth $dd -rotate $pltSavRes -colormode $pltSavCmod -file "$fn" 				} else { 					canvas2svg $daptab.tab$a.c.f.plots "$fn" "$x0 $y0 $x1 $y1" $pltSavCmod %s 				}
Message:
Invalid canvas window or file
-----

(04/26/21 21:28:36)
Command:
if [ string equal $pltSavFmt eps ] { 					$daptab.tab$a.c.f.plots postscript -x $x0 -y $y0 -width [ expr { $x1 - $x0 } ] -height [ expr { $y1 - $y0 } ] -pagewidth $dd -rotate $pltSavRes -colormode $pltSavCmod -file "$fn" 				} else { 					canvas2svg $daptab.tab$a.c.f.plots "$fn" "$x0 $y0 $x1 $y1" $pltSavCmod %s 				}
Message:
Invalid canvas window or file
-----


====================> NEW TCL SESSION

(04/29/21 18:09:54)
Command:
if { ! [ winfo exists .deb.tit ] } { 			set fntSz [ expr { [ font metrics [ ttk::style lookup boldSmall.TLabel -font ] - linespace ] + 2 } ]; 			ttk::frame .deb.tit -height [ expr { $fntSz + $vspcszD } ]; 			ttk::label .deb.tit.name1 -style boldSmall.TLabel -text Variable -anchor w; 			ttk::label .deb.tit.val1 -style hlBoldSmall.TLabel -text Value; 			ttk::label .deb.tit.last1 -style boldSmall.TLabel -text "Updated"; 			ttk::label .deb.tit.pad -style boldSmall.TLabel; 			ttk::label .deb.tit.name2 -style boldSmall.TLabel -text Variable -anchor w; 			ttk::label .deb.tit.val2 -style hlBoldSmall.TLabel -text Value; 			ttk::label .deb.tit.last2 -style boldSmall.TLabel -text "Updated"; 			placeline { .deb.tit.name1 .deb.tit.val1 .deb.tit.last1 .deb.tit.pad .deb.tit.name2 .deb.tit.val2 .deb.tit.last2 } [ list $hnamshD $hvalshD $hupdshD $hpadshD $hnamshD $hvalshD $hupdshD ] 0 $fntSz; 			pack .deb.tit -anchor w -fill x -after .deb.v 		}
Message:
wrong # args: should be "font metrics font ?-displayof window? ?option?"
-----

(04/29/21 18:09:54)
Command:
if [ winfo exists .deb.cc ] { 			$g.can delete all; 			if { ! %d } { 				$g.can yview moveto 0; 				unset -nocomplain lstDebPos 			} 		} { 			ttk::frame .deb.cc; 			ttk::frame $g; 			grid $g; 			grid rowconfigure $g 0 -weight 1; 			grid columnconfigure $g 0 -weight 1; 			grid propagate $g 0; 			set lastDebSz { 0 0 }; 			set debDone 0; 			set fntWid [ font measure [ ttk::style lookup TLabel -font active TkDefaultFont ] 0 ]; 			set hcharszD [ expr { int( ( $hsizeDmin - 15 ) / $fntWid ) } ]; 			set hnamszD [ expr { round( $hnamshD * $hcharszD ) } ]; 			set hvalszD [ expr { round( $hvalshD * $hcharszD ) } ]; 			set hupdszD [ expr { round( $hupdshD * $hcharszD ) } ]; 			set hpadszD [ expr { round( $hpadshD * $hcharszD ) - 1 } ]; 			ttk::canvas $g.can -yscrollcommand { .deb.cc.grid.scroll set } -entry 0 -dark $darkTheme; 			ttk::scrollbar $g.scroll -command { .deb.cc.grid.can yview }; 			grid $g.can $g.scroll -sticky nsew; 			mouse_wheel $g.can; 			pack .deb.cc -anchor w -expand 1 -fill both -after .deb.tit; 			bind .deb <Configure> { 				if { ! [ info exists debConfRun ] } { 					set debConfRun 1; 					set debSz [ list [ winfo width .deb ] [ winfo height .deb ] ]; 					if { $debSz != $lastDebSz || ( $debDone == 1 && ! [ info exists debButHgt ] ) } { 						update idletasks; 						set lastDebSz $debSz; 						set canBbox [ $g.can bbox all ]; 						if { $debDone == 1 } { 							set desWid [ winfo width .deb.cc ]; 							set desHgt [ winfo height .deb.cc ]; 							if { ! [ info exists debButHgt ] } { 								set debButHgt [ expr { [ lindex $debSz 1 ] - $desHgt } ]; 							} elseif { $debButHgt > [ expr { [ lindex $debSz 1 ] - $desHgt } ] } { 								set desHgt [ expr { [ lindex $debSz 1 ] - $debButHgt } ] 							}; 							$g configure -width $desWid -height $desHgt; 							$g.can configure -scrollregion $canBbox 						} { 							set desWid [ expr { max( [ lindex $canBbox 2 ] - [ lindex $canBbox 0 ], 400 ) } ]; 							set desHgt [ expr { max( [ lindex $canBbox 3 ] - [ lindex $canBbox 1 ], 250 ) } ]; 							unset -nocomplain debButHgt 						}; 					} elseif { $debDone == 2 } { 						set debDone 1; 						$g.can configure -scrollregion [ $g.can bbox all ] 					}; 					unset debConfRun 				} 			} 		}
Message:
bad window path name ".deb.tit"
-----

(04/29/21 18:09:54)
Command:
pack .deb.b -padx $butPad -pady $butPad -side right -after .deb.cc
Message:
window ".deb.cc" isn't packed
-----
