
Processing configuration file C:/Lsd/Work/MMM_v.3.6/Sim_3.lsd ...

Simulation 1 of 5 running...
Nominal GDP is 1000.000000.
Sector 1.000000.0 Desired Capacity Uilization is 0.908988.
Sector 1.000000.0 Profit Distribution Rate is 0.786196.
Sector 1.000000.0 Wage Rate is 0.135142.
Sector 2.000000.0 Desired Capacity Uilization is 0.916667.
Sector 2.000000.0 Profit Distribution Rate is 0.720833.
Sector 2.000000.0 Wage Rate is 0.776525.
Sector 3.000000.0 Desired Capacity Uilization is 0.869868.
Sector 3.000000.0 Profit Distribution Rate is 0.858695.
Sector 3.000000.0 Wage Rate is 0.130404.
Class 1.000000.0 Tax Rate is 0.163518.
Class 2.000000.0 Tax Rate is 0.163518.
Class 3.000000.0 Tax Rate is 0.163518.
Simulation 1 of 5 finished at case 600 (104.87 sec.)
Saving results to file C:/Lsd/Work/MMM_v.3.6/Sim_3_1.res.gz... Done

Simulation 2 of 5 running...
Nominal GDP is 1000.000000.
Sector 1.000000.0 Desired Capacity Uilization is 0.908988.
Sector 1.000000.0 Profit Distribution Rate is 0.786196.
Sector 1.000000.0 Wage Rate is 0.135142.
Sector 2.000000.0 Desired Capacity Uilization is 0.916667.
Sector 2.000000.0 Profit Distribution Rate is 0.720833.
Sector 2.000000.0 Wage Rate is 0.776525.
Sector 3.000000.0 Desired Capacity Uilization is 0.869868.
Sector 3.000000.0 Profit Distribution Rate is 0.858695.
Sector 3.000000.0 Wage Rate is 0.130404.
Class 1.000000.0 Tax Rate is 0.163518.
Class 2.000000.0 Tax Rate is 0.163518.
Class 3.000000.0 Tax Rate is 0.163518.
Simulation 2 of 5 finished at case 600 (109.66 sec.)
Saving results to file C:/Lsd/Work/MMM_v.3.6/Sim_3_2.res.gz... Done

Simulation 3 of 5 running...
Nominal GDP is 1000.000000.
Sector 1.000000.0 Desired Capacity Uilization is 0.908988.
Sector 1.000000.0 Profit Distribution Rate is 0.786196.
Sector 1.000000.0 Wage Rate is 0.135142.
Sector 2.000000.0 Desired Capacity Uilization is 0.916667.
Sector 2.000000.0 Profit Distribution Rate is 0.720833.
Sector 2.000000.0 Wage Rate is 0.776525.
Sector 3.000000.0 Desired Capacity Uilization is 0.869868.
Sector 3.000000.0 Profit Distribution Rate is 0.858695.
Sector 3.000000.0 Wage Rate is 0.130404.
Class 1.000000.0 Tax Rate is 0.163518.
Class 2.000000.0 Tax Rate is 0.163518.
Class 3.000000.0 Tax Rate is 0.163518.
Simulation 3 of 5 finished at case 600 (115.18 sec.)
Saving results to file C:/Lsd/Work/MMM_v.3.6/Sim_3_3.res.gz... Done

Simulation 4 of 5 running...
Nominal GDP is 1000.000000.
Sector 1.000000.0 Desired Capacity Uilization is 0.908988.
Sector 1.000000.0 Profit Distribution Rate is 0.786196.
Sector 1.000000.0 Wage Rate is 0.135142.
Sector 2.000000.0 Desired Capacity Uilization is 0.916667.
Sector 2.000000.0 Profit Distribution Rate is 0.720833.
Sector 2.000000.0 Wage Rate is 0.776525.
Sector 3.000000.0 Desired Capacity Uilization is 0.869868.
Sector 3.000000.0 Profit Distribution Rate is 0.858695.
Sector 3.000000.0 Wage Rate is 0.130404.
Class 1.000000.0 Tax Rate is 0.163518.
Class 2.000000.0 Tax Rate is 0.163518.
Class 3.000000.0 Tax Rate is 0.163518.
Simulation 4 of 5 finished at case 600 (116.64 sec.)
Saving results to file C:/Lsd/Work/MMM_v.3.6/Sim_3_4.res.gz... Done

Simulation 5 of 5 running...
Nominal GDP is 1000.000000.
Sector 1.000000.0 Desired Capacity Uilization is 0.908988.
Sector 1.000000.0 Profit Distribution Rate is 0.786196.
Sector 1.000000.0 Wage Rate is 0.135142.
Sector 2.000000.0 Desired Capacity Uilization is 0.916667.
Sector 2.000000.0 Profit Distribution Rate is 0.720833.
Sector 2.000000.0 Wage Rate is 0.776525.
Sector 3.000000.0 Desired Capacity Uilization is 0.869868.
Sector 3.000000.0 Profit Distribution Rate is 0.858695.
Sector 3.000000.0 Wage Rate is 0.130404.
Class 1.000000.0 Tax Rate is 0.163518.
Class 2.000000.0 Tax Rate is 0.163518.
Class 3.000000.0 Tax Rate is 0.163518.
Simulation 5 of 5 finished at case 600 (96.97 sec.)
Saving results to file C:/Lsd/Work/MMM_v.3.6/Sim_3_5.res.gz... Done

Saving totals to file C:/Lsd/Work/MMM_v.3.6/Sim_3_1_5.tot.gz... Done
