
Processing configuration file C:\Lsd-7.2-stable\Work\MMM_v.3.6\R\Payback\Sim_5.lsd ...

Simulation 1 of 50 running...
Simulation 1 of 50 finished at t = 500 (36.61 sec.)
Saving results in file C:\Lsd-7.2-stable\Work\MMM_v.3.6\R\Payback\Sim_5_1.res.gz... Done

Simulation 2 of 50 running...
Simulation 2 of 50 finished at t = 500 (30.94 sec.)
Saving results in file C:\Lsd-7.2-stable\Work\MMM_v.3.6\R\Payback\Sim_5_2.res.gz... Done

Simulation 3 of 50 running...
Simulation 3 of 50 finished at t = 500 (35.74 sec.)
Saving results in file C:\Lsd-7.2-stable\Work\MMM_v.3.6\R\Payback\Sim_5_3.res.gz... Done

Simulation 4 of 50 running...
Simulation 4 of 50 finished at t = 500 (35.24 sec.)
Saving results in file C:\Lsd-7.2-stable\Work\MMM_v.3.6\R\Payback\Sim_5_4.res.gz... Done

Simulation 5 of 50 running...
Simulation 5 of 50 finished at t = 500 (37.82 sec.)
Saving results in file C:\Lsd-7.2-stable\Work\MMM_v.3.6\R\Payback\Sim_5_5.res.gz... Done

Simulation 6 of 50 running...
Simulation 6 of 50 finished at t = 500 (38.21 sec.)
Saving results in file C:\Lsd-7.2-stable\Work\MMM_v.3.6\R\Payback\Sim_5_6.res.gz... Done

Simulation 7 of 50 running...
Simulation 7 of 50 finished at t = 500 (28.76 sec.)
Saving results in file C:\Lsd-7.2-stable\Work\MMM_v.3.6\R\Payback\Sim_5_7.res.gz... Done

Simulation 8 of 50 running...
Simulation 8 of 50 finished at t = 500 (30.33 sec.)
Saving results in file C:\Lsd-7.2-stable\Work\MMM_v.3.6\R\Payback\Sim_5_8.res.gz... Done

Simulation 9 of 50 running...
Simulation 9 of 50 finished at t = 500 (38.29 sec.)
Saving results in file C:\Lsd-7.2-stable\Work\MMM_v.3.6\R\Payback\Sim_5_9.res.gz... Done

Simulation 10 of 50 running...
Simulation 10 of 50 finished at t = 500 (35.08 sec.)
Saving results in file C:\Lsd-7.2-stable\Work\MMM_v.3.6\R\Payback\Sim_5_10.res.gz... Done

Simulation 11 of 50 running...
Simulation 11 of 50 finished at t = 500 (32.37 sec.)
Saving results in file C:\Lsd-7.2-stable\Work\MMM_v.3.6\R\Payback\Sim_5_11.res.gz... Done

Simulation 12 of 50 running...
Simulation 12 of 50 finished at t = 500 (32.91 sec.)
Saving results in file C:\Lsd-7.2-stable\Work\MMM_v.3.6\R\Payback\Sim_5_12.res.gz... Done

Simulation 13 of 50 running...
Simulation 13 of 50 finished at t = 500 (32.70 sec.)
Saving results in file C:\Lsd-7.2-stable\Work\MMM_v.3.6\R\Payback\Sim_5_13.res.gz... Done

Simulation 14 of 50 running...
Simulation 14 of 50 finished at t = 500 (32.04 sec.)
Saving results in file C:\Lsd-7.2-stable\Work\MMM_v.3.6\R\Payback\Sim_5_14.res.gz... Done

Simulation 15 of 50 running...
Simulation 15 of 50 finished at t = 500 (31.68 sec.)
Saving results in file C:\Lsd-7.2-stable\Work\MMM_v.3.6\R\Payback\Sim_5_15.res.gz... Done

Simulation 16 of 50 running...
Simulation 16 of 50 finished at t = 500 (38.24 sec.)
Saving results in file C:\Lsd-7.2-stable\Work\MMM_v.3.6\R\Payback\Sim_5_16.res.gz... Done

Simulation 17 of 50 running...
Simulation 17 of 50 finished at t = 500 (34.64 sec.)
Saving results in file C:\Lsd-7.2-stable\Work\MMM_v.3.6\R\Payback\Sim_5_17.res.gz... Done

Simulation 18 of 50 running...
Simulation 18 of 50 finished at t = 500 (33.17 sec.)
Saving results in file C:\Lsd-7.2-stable\Work\MMM_v.3.6\R\Payback\Sim_5_18.res.gz... Done

Simulation 19 of 50 running...
Simulation 19 of 50 finished at t = 500 (34.38 sec.)
Saving results in file C:\Lsd-7.2-stable\Work\MMM_v.3.6\R\Payback\Sim_5_19.res.gz... Done

Simulation 20 of 50 running...
Simulation 20 of 50 finished at t = 500 (37.16 sec.)
Saving results in file C:\Lsd-7.2-stable\Work\MMM_v.3.6\R\Payback\Sim_5_20.res.gz... Done

Simulation 21 of 50 running...
Simulation 21 of 50 finished at t = 500 (32.10 sec.)
Saving results in file C:\Lsd-7.2-stable\Work\MMM_v.3.6\R\Payback\Sim_5_21.res.gz... Done

Simulation 22 of 50 running...
Simulation 22 of 50 finished at t = 500 (40.22 sec.)
Saving results in file C:\Lsd-7.2-stable\Work\MMM_v.3.6\R\Payback\Sim_5_22.res.gz... Done

Simulation 23 of 50 running...
Simulation 23 of 50 finished at t = 500 (38.98 sec.)
Saving results in file C:\Lsd-7.2-stable\Work\MMM_v.3.6\R\Payback\Sim_5_23.res.gz... Done

Simulation 24 of 50 running...
Simulation 24 of 50 finished at t = 500 (35.56 sec.)
Saving results in file C:\Lsd-7.2-stable\Work\MMM_v.3.6\R\Payback\Sim_5_24.res.gz... Done

Simulation 25 of 50 running...
Simulation 25 of 50 finished at t = 500 (42.80 sec.)
Saving results in file C:\Lsd-7.2-stable\Work\MMM_v.3.6\R\Payback\Sim_5_25.res.gz... Done

Simulation 26 of 50 running...
Simulation 26 of 50 finished at t = 500 (36.97 sec.)
Saving results in file C:\Lsd-7.2-stable\Work\MMM_v.3.6\R\Payback\Sim_5_26.res.gz... Done

Simulation 27 of 50 running...
Simulation 27 of 50 finished at t = 500 (34.35 sec.)
Saving results in file C:\Lsd-7.2-stable\Work\MMM_v.3.6\R\Payback\Sim_5_27.res.gz... Done

Simulation 28 of 50 running...
Simulation 28 of 50 finished at t = 500 (37.42 sec.)
Saving results in file C:\Lsd-7.2-stable\Work\MMM_v.3.6\R\Payback\Sim_5_28.res.gz... Done

Simulation 29 of 50 running...
Simulation 29 of 50 finished at t = 500 (36.08 sec.)
Saving results in file C:\Lsd-7.2-stable\Work\MMM_v.3.6\R\Payback\Sim_5_29.res.gz... Done

Simulation 30 of 50 running...
Simulation 30 of 50 finished at t = 500 (35.54 sec.)
Saving results in file C:\Lsd-7.2-stable\Work\MMM_v.3.6\R\Payback\Sim_5_30.res.gz... Done

Simulation 31 of 50 running...
Simulation 31 of 50 finished at t = 500 (29.75 sec.)
Saving results in file C:\Lsd-7.2-stable\Work\MMM_v.3.6\R\Payback\Sim_5_31.res.gz... Done

Simulation 32 of 50 running...
Simulation 32 of 50 finished at t = 500 (36.43 sec.)
Saving results in file C:\Lsd-7.2-stable\Work\MMM_v.3.6\R\Payback\Sim_5_32.res.gz... Done

Simulation 33 of 50 running...
Simulation 33 of 50 finished at t = 500 (33.17 sec.)
Saving results in file C:\Lsd-7.2-stable\Work\MMM_v.3.6\R\Payback\Sim_5_33.res.gz... Done

Simulation 34 of 50 running...
Simulation 34 of 50 finished at t = 500 (30.88 sec.)
Saving results in file C:\Lsd-7.2-stable\Work\MMM_v.3.6\R\Payback\Sim_5_34.res.gz... Done

Simulation 35 of 50 running...
Simulation 35 of 50 finished at t = 500 (30.94 sec.)
Saving results in file C:\Lsd-7.2-stable\Work\MMM_v.3.6\R\Payback\Sim_5_35.res.gz... Done

Simulation 36 of 50 running...
Simulation 36 of 50 finished at t = 500 (34.73 sec.)
Saving results in file C:\Lsd-7.2-stable\Work\MMM_v.3.6\R\Payback\Sim_5_36.res.gz... Done

Simulation 37 of 50 running...
Simulation 37 of 50 finished at t = 500 (31.54 sec.)
Saving results in file C:\Lsd-7.2-stable\Work\MMM_v.3.6\R\Payback\Sim_5_37.res.gz... Done

Simulation 38 of 50 running...
Simulation 38 of 50 finished at t = 500 (62.10 sec.)
Saving results in file C:\Lsd-7.2-stable\Work\MMM_v.3.6\R\Payback\Sim_5_38.res.gz... Done

Simulation 39 of 50 running...
Simulation 39 of 50 finished at t = 500 (33.24 sec.)
Saving results in file C:\Lsd-7.2-stable\Work\MMM_v.3.6\R\Payback\Sim_5_39.res.gz... Done

Simulation 40 of 50 running...
Simulation 40 of 50 finished at t = 500 (37.70 sec.)
Saving results in file C:\Lsd-7.2-stable\Work\MMM_v.3.6\R\Payback\Sim_5_40.res.gz... Done

Simulation 41 of 50 running...
Simulation 41 of 50 finished at t = 500 (37.83 sec.)
Saving results in file C:\Lsd-7.2-stable\Work\MMM_v.3.6\R\Payback\Sim_5_41.res.gz... Done

Simulation 42 of 50 running...
Simulation 42 of 50 finished at t = 500 (33.83 sec.)
Saving results in file C:\Lsd-7.2-stable\Work\MMM_v.3.6\R\Payback\Sim_5_42.res.gz... Done

Simulation 43 of 50 running...
Simulation 43 of 50 finished at t = 500 (33.95 sec.)
Saving results in file C:\Lsd-7.2-stable\Work\MMM_v.3.6\R\Payback\Sim_5_43.res.gz... Done

Simulation 44 of 50 running...
Simulation 44 of 50 finished at t = 500 (38.58 sec.)
Saving results in file C:\Lsd-7.2-stable\Work\MMM_v.3.6\R\Payback\Sim_5_44.res.gz... Done

Simulation 45 of 50 running...
Simulation 45 of 50 finished at t = 500 (41.44 sec.)
Saving results in file C:\Lsd-7.2-stable\Work\MMM_v.3.6\R\Payback\Sim_5_45.res.gz... Done

Simulation 46 of 50 running...
Simulation 46 of 50 finished at t = 500 (35.83 sec.)
Saving results in file C:\Lsd-7.2-stable\Work\MMM_v.3.6\R\Payback\Sim_5_46.res.gz... Done

Simulation 47 of 50 running...
Simulation 47 of 50 finished at t = 500 (34.70 sec.)
Saving results in file C:\Lsd-7.2-stable\Work\MMM_v.3.6\R\Payback\Sim_5_47.res.gz... Done

Simulation 48 of 50 running...
Simulation 48 of 50 finished at t = 500 (32.74 sec.)
Saving results in file C:\Lsd-7.2-stable\Work\MMM_v.3.6\R\Payback\Sim_5_48.res.gz... Done

Simulation 49 of 50 running...
Simulation 49 of 50 finished at t = 500 (40.30 sec.)
Saving results in file C:\Lsd-7.2-stable\Work\MMM_v.3.6\R\Payback\Sim_5_49.res.gz... Done

Simulation 50 of 50 running...
Simulation 50 of 50 finished at t = 500 (33.05 sec.)
Saving results in file C:\Lsd-7.2-stable\Work\MMM_v.3.6\R\Payback\Sim_5_50.res.gz... Done

Saving totals in file C:\Lsd-7.2-stable\Work\MMM_v.3.6\R\Payback\Sim_5_1_50.tot.gz... Done

Finished processing C:\Lsd-7.2-stable\Work\MMM_v.3.6\R\Payback\Sim
