
Processing configuration file C:\Lsd-7.2-stable\Work\MMM_v.3.6\R\Payback\Sim_3.lsd ...

Simulation 1 of 50 running...
Simulation 1 of 50 finished at t = 500 (31.76 sec.)
Saving results in file C:\Lsd-7.2-stable\Work\MMM_v.3.6\R\Payback\Sim_3_1.res.gz... Done

Simulation 2 of 50 running...
Simulation 2 of 50 finished at t = 500 (32.92 sec.)
Saving results in file C:\Lsd-7.2-stable\Work\MMM_v.3.6\R\Payback\Sim_3_2.res.gz... Done

Simulation 3 of 50 running...
Simulation 3 of 50 finished at t = 500 (30.15 sec.)
Saving results in file C:\Lsd-7.2-stable\Work\MMM_v.3.6\R\Payback\Sim_3_3.res.gz... Done

Simulation 4 of 50 running...
Simulation 4 of 50 finished at t = 500 (29.01 sec.)
Saving results in file C:\Lsd-7.2-stable\Work\MMM_v.3.6\R\Payback\Sim_3_4.res.gz... Done

Simulation 5 of 50 running...
Simulation 5 of 50 finished at t = 500 (34.72 sec.)
Saving results in file C:\Lsd-7.2-stable\Work\MMM_v.3.6\R\Payback\Sim_3_5.res.gz... Done

Simulation 6 of 50 running...
Simulation 6 of 50 finished at t = 500 (33.71 sec.)
Saving results in file C:\Lsd-7.2-stable\Work\MMM_v.3.6\R\Payback\Sim_3_6.res.gz... Done

Simulation 7 of 50 running...
Simulation 7 of 50 finished at t = 500 (27.84 sec.)
Saving results in file C:\Lsd-7.2-stable\Work\MMM_v.3.6\R\Payback\Sim_3_7.res.gz... Done

Simulation 8 of 50 running...
Simulation 8 of 50 finished at t = 500 (34.90 sec.)
Saving results in file C:\Lsd-7.2-stable\Work\MMM_v.3.6\R\Payback\Sim_3_8.res.gz... Done

Simulation 9 of 50 running...
Simulation 9 of 50 finished at t = 500 (30.49 sec.)
Saving results in file C:\Lsd-7.2-stable\Work\MMM_v.3.6\R\Payback\Sim_3_9.res.gz... Done

Simulation 10 of 50 running...
Simulation 10 of 50 finished at t = 500 (34.56 sec.)
Saving results in file C:\Lsd-7.2-stable\Work\MMM_v.3.6\R\Payback\Sim_3_10.res.gz... Done

Simulation 11 of 50 running...
Simulation 11 of 50 finished at t = 500 (35.19 sec.)
Saving results in file C:\Lsd-7.2-stable\Work\MMM_v.3.6\R\Payback\Sim_3_11.res.gz... Done

Simulation 12 of 50 running...
Simulation 12 of 50 finished at t = 500 (33.90 sec.)
Saving results in file C:\Lsd-7.2-stable\Work\MMM_v.3.6\R\Payback\Sim_3_12.res.gz... Done

Simulation 13 of 50 running...
Simulation 13 of 50 finished at t = 500 (33.20 sec.)
Saving results in file C:\Lsd-7.2-stable\Work\MMM_v.3.6\R\Payback\Sim_3_13.res.gz... Done

Simulation 14 of 50 running...
Simulation 14 of 50 finished at t = 500 (33.04 sec.)
Saving results in file C:\Lsd-7.2-stable\Work\MMM_v.3.6\R\Payback\Sim_3_14.res.gz... Done

Simulation 15 of 50 running...
Simulation 15 of 50 finished at t = 500 (36.81 sec.)
Saving results in file C:\Lsd-7.2-stable\Work\MMM_v.3.6\R\Payback\Sim_3_15.res.gz... Done

Simulation 16 of 50 running...
Simulation 16 of 50 finished at t = 500 (30.58 sec.)
Saving results in file C:\Lsd-7.2-stable\Work\MMM_v.3.6\R\Payback\Sim_3_16.res.gz... Done

Simulation 17 of 50 running...
Simulation 17 of 50 finished at t = 500 (35.37 sec.)
Saving results in file C:\Lsd-7.2-stable\Work\MMM_v.3.6\R\Payback\Sim_3_17.res.gz... Done

Simulation 18 of 50 running...
Simulation 18 of 50 finished at t = 500 (37.91 sec.)
Saving results in file C:\Lsd-7.2-stable\Work\MMM_v.3.6\R\Payback\Sim_3_18.res.gz... Done

Simulation 19 of 50 running...
Simulation 19 of 50 finished at t = 500 (33.86 sec.)
Saving results in file C:\Lsd-7.2-stable\Work\MMM_v.3.6\R\Payback\Sim_3_19.res.gz... Done

Simulation 20 of 50 running...
Simulation 20 of 50 finished at t = 500 (39.93 sec.)
Saving results in file C:\Lsd-7.2-stable\Work\MMM_v.3.6\R\Payback\Sim_3_20.res.gz... Done

Simulation 21 of 50 running...
Simulation 21 of 50 finished at t = 500 (34.85 sec.)
Saving results in file C:\Lsd-7.2-stable\Work\MMM_v.3.6\R\Payback\Sim_3_21.res.gz... Done

Simulation 22 of 50 running...
Simulation 22 of 50 finished at t = 500 (35.08 sec.)
Saving results in file C:\Lsd-7.2-stable\Work\MMM_v.3.6\R\Payback\Sim_3_22.res.gz... Done

Simulation 23 of 50 running...
Simulation 23 of 50 finished at t = 500 (37.81 sec.)
Saving results in file C:\Lsd-7.2-stable\Work\MMM_v.3.6\R\Payback\Sim_3_23.res.gz... Done

Simulation 24 of 50 running...
Simulation 24 of 50 finished at t = 500 (33.21 sec.)
Saving results in file C:\Lsd-7.2-stable\Work\MMM_v.3.6\R\Payback\Sim_3_24.res.gz... Done

Simulation 25 of 50 running...
Simulation 25 of 50 finished at t = 500 (33.66 sec.)
Saving results in file C:\Lsd-7.2-stable\Work\MMM_v.3.6\R\Payback\Sim_3_25.res.gz... Done

Simulation 26 of 50 running...
Simulation 26 of 50 finished at t = 500 (31.92 sec.)
Saving results in file C:\Lsd-7.2-stable\Work\MMM_v.3.6\R\Payback\Sim_3_26.res.gz... Done

Simulation 27 of 50 running...
Simulation 27 of 50 finished at t = 500 (39.56 sec.)
Saving results in file C:\Lsd-7.2-stable\Work\MMM_v.3.6\R\Payback\Sim_3_27.res.gz... Done

Simulation 28 of 50 running...
Simulation 28 of 50 finished at t = 500 (33.83 sec.)
Saving results in file C:\Lsd-7.2-stable\Work\MMM_v.3.6\R\Payback\Sim_3_28.res.gz... Done

Simulation 29 of 50 running...
Simulation 29 of 50 finished at t = 500 (31.76 sec.)
Saving results in file C:\Lsd-7.2-stable\Work\MMM_v.3.6\R\Payback\Sim_3_29.res.gz... Done

Simulation 30 of 50 running...
Simulation 30 of 50 finished at t = 500 (30.79 sec.)
Saving results in file C:\Lsd-7.2-stable\Work\MMM_v.3.6\R\Payback\Sim_3_30.res.gz... Done

Simulation 31 of 50 running...
Simulation 31 of 50 finished at t = 500 (34.92 sec.)
Saving results in file C:\Lsd-7.2-stable\Work\MMM_v.3.6\R\Payback\Sim_3_31.res.gz... Done

Simulation 32 of 50 running...
Simulation 32 of 50 finished at t = 500 (33.57 sec.)
Saving results in file C:\Lsd-7.2-stable\Work\MMM_v.3.6\R\Payback\Sim_3_32.res.gz... Done

Simulation 33 of 50 running...
Simulation 33 of 50 finished at t = 500 (35.79 sec.)
Saving results in file C:\Lsd-7.2-stable\Work\MMM_v.3.6\R\Payback\Sim_3_33.res.gz... Done

Simulation 34 of 50 running...
Simulation 34 of 50 finished at t = 500 (30.23 sec.)
Saving results in file C:\Lsd-7.2-stable\Work\MMM_v.3.6\R\Payback\Sim_3_34.res.gz... Done

Simulation 35 of 50 running...
Simulation 35 of 50 finished at t = 500 (32.64 sec.)
Saving results in file C:\Lsd-7.2-stable\Work\MMM_v.3.6\R\Payback\Sim_3_35.res.gz... Done

Simulation 36 of 50 running...
Simulation 36 of 50 finished at t = 500 (31.86 sec.)
Saving results in file C:\Lsd-7.2-stable\Work\MMM_v.3.6\R\Payback\Sim_3_36.res.gz... Done

Simulation 37 of 50 running...
Simulation 37 of 50 finished at t = 500 (35.35 sec.)
Saving results in file C:\Lsd-7.2-stable\Work\MMM_v.3.6\R\Payback\Sim_3_37.res.gz... Done

Simulation 38 of 50 running...
Simulation 38 of 50 finished at t = 500 (39.38 sec.)
Saving results in file C:\Lsd-7.2-stable\Work\MMM_v.3.6\R\Payback\Sim_3_38.res.gz... Done

Simulation 39 of 50 running...
Simulation 39 of 50 finished at t = 500 (33.31 sec.)
Saving results in file C:\Lsd-7.2-stable\Work\MMM_v.3.6\R\Payback\Sim_3_39.res.gz... Done

Simulation 40 of 50 running...
Simulation 40 of 50 finished at t = 500 (39.29 sec.)
Saving results in file C:\Lsd-7.2-stable\Work\MMM_v.3.6\R\Payback\Sim_3_40.res.gz... Done

Simulation 41 of 50 running...
Simulation 41 of 50 finished at t = 500 (30.50 sec.)
Saving results in file C:\Lsd-7.2-stable\Work\MMM_v.3.6\R\Payback\Sim_3_41.res.gz... Done

Simulation 42 of 50 running...
Simulation 42 of 50 finished at t = 500 (33.18 sec.)
Saving results in file C:\Lsd-7.2-stable\Work\MMM_v.3.6\R\Payback\Sim_3_42.res.gz... Done

Simulation 43 of 50 running...
Simulation 43 of 50 finished at t = 500 (32.63 sec.)
Saving results in file C:\Lsd-7.2-stable\Work\MMM_v.3.6\R\Payback\Sim_3_43.res.gz... Done

Simulation 44 of 50 running...
Simulation 44 of 50 finished at t = 500 (34.27 sec.)
Saving results in file C:\Lsd-7.2-stable\Work\MMM_v.3.6\R\Payback\Sim_3_44.res.gz... Done

Simulation 45 of 50 running...
Simulation 45 of 50 finished at t = 500 (35.73 sec.)
Saving results in file C:\Lsd-7.2-stable\Work\MMM_v.3.6\R\Payback\Sim_3_45.res.gz... Done

Simulation 46 of 50 running...
Simulation 46 of 50 finished at t = 500 (35.24 sec.)
Saving results in file C:\Lsd-7.2-stable\Work\MMM_v.3.6\R\Payback\Sim_3_46.res.gz... Done

Simulation 47 of 50 running...
Simulation 47 of 50 finished at t = 500 (31.25 sec.)
Saving results in file C:\Lsd-7.2-stable\Work\MMM_v.3.6\R\Payback\Sim_3_47.res.gz... Done

Simulation 48 of 50 running...
Simulation 48 of 50 finished at t = 500 (33.19 sec.)
Saving results in file C:\Lsd-7.2-stable\Work\MMM_v.3.6\R\Payback\Sim_3_48.res.gz... Done

Simulation 49 of 50 running...
Simulation 49 of 50 finished at t = 500 (34.20 sec.)
Saving results in file C:\Lsd-7.2-stable\Work\MMM_v.3.6\R\Payback\Sim_3_49.res.gz... Done

Simulation 50 of 50 running...
Simulation 50 of 50 finished at t = 500 (32.25 sec.)
Saving results in file C:\Lsd-7.2-stable\Work\MMM_v.3.6\R\Payback\Sim_3_50.res.gz... Done

Saving totals in file C:\Lsd-7.2-stable\Work\MMM_v.3.6\R\Payback\Sim_3_1_50.tot.gz... Done

Processing configuration file C:\Lsd-7.2-stable\Work\MMM_v.3.6\R\Payback\Sim_4.lsd ...

Simulation 1 of 50 running...
Simulation 1 of 50 finished at t = 500 (45.26 sec.)
Saving results in file C:\Lsd-7.2-stable\Work\MMM_v.3.6\R\Payback\Sim_4_1.res.gz... Done

Simulation 2 of 50 running...
Simulation 2 of 50 finished at t = 500 (34.70 sec.)
Saving results in file C:\Lsd-7.2-stable\Work\MMM_v.3.6\R\Payback\Sim_4_2.res.gz... Done

Simulation 3 of 50 running...
Simulation 3 of 50 finished at t = 500 (28.94 sec.)
Saving results in file C:\Lsd-7.2-stable\Work\MMM_v.3.6\R\Payback\Sim_4_3.res.gz... Done

Simulation 4 of 50 running...
Simulation 4 of 50 finished at t = 500 (26.86 sec.)
Saving results in file C:\Lsd-7.2-stable\Work\MMM_v.3.6\R\Payback\Sim_4_4.res.gz... Done

Simulation 5 of 50 running...
Simulation 5 of 50 finished at t = 500 (87.18 sec.)
Saving results in file C:\Lsd-7.2-stable\Work\MMM_v.3.6\R\Payback\Sim_4_5.res.gz... Done

Simulation 6 of 50 running...
Simulation 6 of 50 finished at t = 500 (26.25 sec.)
Saving results in file C:\Lsd-7.2-stable\Work\MMM_v.3.6\R\Payback\Sim_4_6.res.gz... Done

Simulation 7 of 50 running...
Simulation 7 of 50 finished at t = 500 (27.47 sec.)
Saving results in file C:\Lsd-7.2-stable\Work\MMM_v.3.6\R\Payback\Sim_4_7.res.gz... Done

Simulation 8 of 50 running...
Simulation 8 of 50 finished at t = 500 (25.36 sec.)
Saving results in file C:\Lsd-7.2-stable\Work\MMM_v.3.6\R\Payback\Sim_4_8.res.gz... Done

Simulation 9 of 50 running...
Simulation 9 of 50 finished at t = 500 (33.11 sec.)
Saving results in file C:\Lsd-7.2-stable\Work\MMM_v.3.6\R\Payback\Sim_4_9.res.gz... Done

Simulation 10 of 50 running...
Simulation 10 of 50 finished at t = 500 (25.27 sec.)
Saving results in file C:\Lsd-7.2-stable\Work\MMM_v.3.6\R\Payback\Sim_4_10.res.gz... Done

Simulation 11 of 50 running...
Simulation 11 of 50 finished at t = 500 (29.74 sec.)
Saving results in file C:\Lsd-7.2-stable\Work\MMM_v.3.6\R\Payback\Sim_4_11.res.gz... Done

Simulation 12 of 50 running...
Simulation 12 of 50 finished at t = 500 (25.23 sec.)
Saving results in file C:\Lsd-7.2-stable\Work\MMM_v.3.6\R\Payback\Sim_4_12.res.gz... Done

Simulation 13 of 50 running...
Simulation 13 of 50 finished at t = 500 (28.78 sec.)
Saving results in file C:\Lsd-7.2-stable\Work\MMM_v.3.6\R\Payback\Sim_4_13.res.gz... Done

Simulation 14 of 50 running...
Simulation 14 of 50 finished at t = 500 (26.79 sec.)
Saving results in file C:\Lsd-7.2-stable\Work\MMM_v.3.6\R\Payback\Sim_4_14.res.gz... Done

Simulation 15 of 50 running...
Simulation 15 of 50 finished at t = 500 (46.36 sec.)
Saving results in file C:\Lsd-7.2-stable\Work\MMM_v.3.6\R\Payback\Sim_4_15.res.gz... Done

Simulation 16 of 50 running...
Simulation 16 of 50 finished at t = 500 (26.22 sec.)
Saving results in file C:\Lsd-7.2-stable\Work\MMM_v.3.6\R\Payback\Sim_4_16.res.gz... Done

Simulation 17 of 50 running...
Simulation 17 of 50 finished at t = 500 (24.71 sec.)
Saving results in file C:\Lsd-7.2-stable\Work\MMM_v.3.6\R\Payback\Sim_4_17.res.gz... Done

Simulation 18 of 50 running...
Simulation 18 of 50 finished at t = 500 (28.88 sec.)
Saving results in file C:\Lsd-7.2-stable\Work\MMM_v.3.6\R\Payback\Sim_4_18.res.gz... Done

Simulation 19 of 50 running...
Simulation 19 of 50 finished at t = 500 (25.90 sec.)
Saving results in file C:\Lsd-7.2-stable\Work\MMM_v.3.6\R\Payback\Sim_4_19.res.gz... Done

Simulation 20 of 50 running...
Simulation 20 of 50 finished at t = 500 (28.07 sec.)
Saving results in file C:\Lsd-7.2-stable\Work\MMM_v.3.6\R\Payback\Sim_4_20.res.gz... Done

Simulation 21 of 50 running...
Simulation 21 of 50 finished at t = 500 (30.80 sec.)
Saving results in file C:\Lsd-7.2-stable\Work\MMM_v.3.6\R\Payback\Sim_4_21.res.gz... Done

Simulation 22 of 50 running...
Simulation 22 of 50 finished at t = 500 (26.16 sec.)
Saving results in file C:\Lsd-7.2-stable\Work\MMM_v.3.6\R\Payback\Sim_4_22.res.gz... Done

Simulation 23 of 50 running...
Simulation 23 of 50 finished at t = 500 (24.70 sec.)
Saving results in file C:\Lsd-7.2-stable\Work\MMM_v.3.6\R\Payback\Sim_4_23.res.gz... Done

Simulation 24 of 50 running...
Simulation 24 of 50 finished at t = 500 (27.33 sec.)
Saving results in file C:\Lsd-7.2-stable\Work\MMM_v.3.6\R\Payback\Sim_4_24.res.gz... Done

Simulation 25 of 50 running...
Simulation 25 of 50 finished at t = 500 (27.22 sec.)
Saving results in file C:\Lsd-7.2-stable\Work\MMM_v.3.6\R\Payback\Sim_4_25.res.gz... Done

Simulation 26 of 50 running...
Simulation 26 of 50 finished at t = 500 (27.54 sec.)
Saving results in file C:\Lsd-7.2-stable\Work\MMM_v.3.6\R\Payback\Sim_4_26.res.gz... Done

Simulation 27 of 50 running...
Simulation 27 of 50 finished at t = 500 (27.60 sec.)
Saving results in file C:\Lsd-7.2-stable\Work\MMM_v.3.6\R\Payback\Sim_4_27.res.gz... Done

Simulation 28 of 50 running...
Simulation 28 of 50 finished at t = 500 (26.38 sec.)
Saving results in file C:\Lsd-7.2-stable\Work\MMM_v.3.6\R\Payback\Sim_4_28.res.gz... Done

Simulation 29 of 50 running...
Simulation 29 of 50 finished at t = 500 (27.58 sec.)
Saving results in file C:\Lsd-7.2-stable\Work\MMM_v.3.6\R\Payback\Sim_4_29.res.gz... Done

Simulation 30 of 50 running...
Simulation 30 of 50 finished at t = 500 (27.06 sec.)
Saving results in file C:\Lsd-7.2-stable\Work\MMM_v.3.6\R\Payback\Sim_4_30.res.gz... Done

Simulation 31 of 50 running...
Simulation 31 of 50 finished at t = 500 (29.50 sec.)
Saving results in file C:\Lsd-7.2-stable\Work\MMM_v.3.6\R\Payback\Sim_4_31.res.gz... Done

Simulation 32 of 50 running...
Simulation 32 of 50 finished at t = 500 (32.40 sec.)
Saving results in file C:\Lsd-7.2-stable\Work\MMM_v.3.6\R\Payback\Sim_4_32.res.gz... Done

Simulation 33 of 50 running...
Simulation 33 of 50 finished at t = 500 (27.91 sec.)
Saving results in file C:\Lsd-7.2-stable\Work\MMM_v.3.6\R\Payback\Sim_4_33.res.gz... Done

Simulation 34 of 50 running...
Simulation 34 of 50 finished at t = 500 (28.57 sec.)
Saving results in file C:\Lsd-7.2-stable\Work\MMM_v.3.6\R\Payback\Sim_4_34.res.gz... Done

Simulation 35 of 50 running...
Simulation 35 of 50 finished at t = 500 (37.23 sec.)
Saving results in file C:\Lsd-7.2-stable\Work\MMM_v.3.6\R\Payback\Sim_4_35.res.gz... Done

Simulation 36 of 50 running...
Simulation 36 of 50 finished at t = 500 (30.93 sec.)
Saving results in file C:\Lsd-7.2-stable\Work\MMM_v.3.6\R\Payback\Sim_4_36.res.gz... Done

Simulation 37 of 50 running...
Simulation 37 of 50 finished at t = 500 (25.97 sec.)
Saving results in file C:\Lsd-7.2-stable\Work\MMM_v.3.6\R\Payback\Sim_4_37.res.gz... Done

Simulation 38 of 50 running...
Simulation 38 of 50 finished at t = 500 (31.00 sec.)
Saving results in file C:\Lsd-7.2-stable\Work\MMM_v.3.6\R\Payback\Sim_4_38.res.gz... Done

Simulation 39 of 50 running...
Simulation 39 of 50 finished at t = 500 (27.83 sec.)
Saving results in file C:\Lsd-7.2-stable\Work\MMM_v.3.6\R\Payback\Sim_4_39.res.gz... Done

Simulation 40 of 50 running...
Simulation 40 of 50 finished at t = 500 (26.55 sec.)
Saving results in file C:\Lsd-7.2-stable\Work\MMM_v.3.6\R\Payback\Sim_4_40.res.gz... Done

Simulation 41 of 50 running...
Simulation 41 of 50 finished at t = 500 (25.64 sec.)
Saving results in file C:\Lsd-7.2-stable\Work\MMM_v.3.6\R\Payback\Sim_4_41.res.gz... Done

Simulation 42 of 50 running...
Simulation 42 of 50 finished at t = 500 (27.12 sec.)
Saving results in file C:\Lsd-7.2-stable\Work\MMM_v.3.6\R\Payback\Sim_4_42.res.gz... Done

Simulation 43 of 50 running...
Simulation 43 of 50 finished at t = 500 (26.38 sec.)
Saving results in file C:\Lsd-7.2-stable\Work\MMM_v.3.6\R\Payback\Sim_4_43.res.gz... Done

Simulation 44 of 50 running...
Simulation 44 of 50 finished at t = 500 (26.25 sec.)
Saving results in file C:\Lsd-7.2-stable\Work\MMM_v.3.6\R\Payback\Sim_4_44.res.gz... Done

Simulation 45 of 50 running...
Simulation 45 of 50 finished at t = 500 (22.16 sec.)
Saving results in file C:\Lsd-7.2-stable\Work\MMM_v.3.6\R\Payback\Sim_4_45.res.gz... Done

Simulation 46 of 50 running...
Simulation 46 of 50 finished at t = 500 (22.12 sec.)
Saving results in file C:\Lsd-7.2-stable\Work\MMM_v.3.6\R\Payback\Sim_4_46.res.gz... Done

Simulation 47 of 50 running...
Simulation 47 of 50 finished at t = 500 (23.42 sec.)
Saving results in file C:\Lsd-7.2-stable\Work\MMM_v.3.6\R\Payback\Sim_4_47.res.gz... Done

Simulation 48 of 50 running...
Simulation 48 of 50 finished at t = 500 (24.17 sec.)
Saving results in file C:\Lsd-7.2-stable\Work\MMM_v.3.6\R\Payback\Sim_4_48.res.gz... Done

Simulation 49 of 50 running...
Simulation 49 of 50 finished at t = 500 (26.30 sec.)
Saving results in file C:\Lsd-7.2-stable\Work\MMM_v.3.6\R\Payback\Sim_4_49.res.gz... Done

Simulation 50 of 50 running...
Simulation 50 of 50 finished at t = 500 (22.67 sec.)
Saving results in file C:\Lsd-7.2-stable\Work\MMM_v.3.6\R\Payback\Sim_4_50.res.gz... Done

Saving totals in file C:\Lsd-7.2-stable\Work\MMM_v.3.6\R\Payback\Sim_4_1_50.tot.gz... Done

Finished processing C:\Lsd-7.2-stable\Work\MMM_v.3.6\R\Payback\Sim
