
Processing configuration file C:\Lsd-7.2-stable\Work\MMM_v.3.6\R\Payback\Sim_1.lsd ...

Simulation 1 of 50 running...
Simulation 1 of 50 finished at t = 500 (31.49 sec.)
Saving results in file C:\Lsd-7.2-stable\Work\MMM_v.3.6\R\Payback\Sim_1_1.res.gz... Done

Simulation 2 of 50 running...
Simulation 2 of 50 finished at t = 500 (30.19 sec.)
Saving results in file C:\Lsd-7.2-stable\Work\MMM_v.3.6\R\Payback\Sim_1_2.res.gz... Done

Simulation 3 of 50 running...
Simulation 3 of 50 finished at t = 500 (29.55 sec.)
Saving results in file C:\Lsd-7.2-stable\Work\MMM_v.3.6\R\Payback\Sim_1_3.res.gz... Done

Simulation 4 of 50 running...
Simulation 4 of 50 finished at t = 500 (27.95 sec.)
Saving results in file C:\Lsd-7.2-stable\Work\MMM_v.3.6\R\Payback\Sim_1_4.res.gz... Done

Simulation 5 of 50 running...
Simulation 5 of 50 finished at t = 500 (28.52 sec.)
Saving results in file C:\Lsd-7.2-stable\Work\MMM_v.3.6\R\Payback\Sim_1_5.res.gz... Done

Simulation 6 of 50 running...
Simulation 6 of 50 finished at t = 500 (32.34 sec.)
Saving results in file C:\Lsd-7.2-stable\Work\MMM_v.3.6\R\Payback\Sim_1_6.res.gz... Done

Simulation 7 of 50 running...
Simulation 7 of 50 finished at t = 500 (29.63 sec.)
Saving results in file C:\Lsd-7.2-stable\Work\MMM_v.3.6\R\Payback\Sim_1_7.res.gz... Done

Simulation 8 of 50 running...
Simulation 8 of 50 finished at t = 500 (43.92 sec.)
Saving results in file C:\Lsd-7.2-stable\Work\MMM_v.3.6\R\Payback\Sim_1_8.res.gz... Done

Simulation 9 of 50 running...
Simulation 9 of 50 finished at t = 500 (27.51 sec.)
Saving results in file C:\Lsd-7.2-stable\Work\MMM_v.3.6\R\Payback\Sim_1_9.res.gz... Done

Simulation 10 of 50 running...
Simulation 10 of 50 finished at t = 500 (31.25 sec.)
Saving results in file C:\Lsd-7.2-stable\Work\MMM_v.3.6\R\Payback\Sim_1_10.res.gz... Done

Simulation 11 of 50 running...
Simulation 11 of 50 finished at t = 500 (29.25 sec.)
Saving results in file C:\Lsd-7.2-stable\Work\MMM_v.3.6\R\Payback\Sim_1_11.res.gz... Done

Simulation 12 of 50 running...
Simulation 12 of 50 finished at t = 500 (29.50 sec.)
Saving results in file C:\Lsd-7.2-stable\Work\MMM_v.3.6\R\Payback\Sim_1_12.res.gz... Done

Simulation 13 of 50 running...
Simulation 13 of 50 finished at t = 500 (28.12 sec.)
Saving results in file C:\Lsd-7.2-stable\Work\MMM_v.3.6\R\Payback\Sim_1_13.res.gz... Done

Simulation 14 of 50 running...
Simulation 14 of 50 finished at t = 500 (35.30 sec.)
Saving results in file C:\Lsd-7.2-stable\Work\MMM_v.3.6\R\Payback\Sim_1_14.res.gz... Done

Simulation 15 of 50 running...
Simulation 15 of 50 finished at t = 500 (31.62 sec.)
Saving results in file C:\Lsd-7.2-stable\Work\MMM_v.3.6\R\Payback\Sim_1_15.res.gz... Done

Simulation 16 of 50 running...
Simulation 16 of 50 finished at t = 500 (29.58 sec.)
Saving results in file C:\Lsd-7.2-stable\Work\MMM_v.3.6\R\Payback\Sim_1_16.res.gz... Done

Simulation 17 of 50 running...
Simulation 17 of 50 finished at t = 500 (30.00 sec.)
Saving results in file C:\Lsd-7.2-stable\Work\MMM_v.3.6\R\Payback\Sim_1_17.res.gz... Done

Simulation 18 of 50 running...
Simulation 18 of 50 finished at t = 500 (43.59 sec.)
Saving results in file C:\Lsd-7.2-stable\Work\MMM_v.3.6\R\Payback\Sim_1_18.res.gz... Done

Simulation 19 of 50 running...
Simulation 19 of 50 finished at t = 500 (31.41 sec.)
Saving results in file C:\Lsd-7.2-stable\Work\MMM_v.3.6\R\Payback\Sim_1_19.res.gz... Done

Simulation 20 of 50 running...
Simulation 20 of 50 finished at t = 500 (27.52 sec.)
Saving results in file C:\Lsd-7.2-stable\Work\MMM_v.3.6\R\Payback\Sim_1_20.res.gz... Done

Simulation 21 of 50 running...
Simulation 21 of 50 finished at t = 500 (26.54 sec.)
Saving results in file C:\Lsd-7.2-stable\Work\MMM_v.3.6\R\Payback\Sim_1_21.res.gz... Done

Simulation 22 of 50 running...
Simulation 22 of 50 finished at t = 500 (31.14 sec.)
Saving results in file C:\Lsd-7.2-stable\Work\MMM_v.3.6\R\Payback\Sim_1_22.res.gz... Done

Simulation 23 of 50 running...
Simulation 23 of 50 finished at t = 500 (48.54 sec.)
Saving results in file C:\Lsd-7.2-stable\Work\MMM_v.3.6\R\Payback\Sim_1_23.res.gz... Done

Simulation 24 of 50 running...
Simulation 24 of 50 finished at t = 500 (31.44 sec.)
Saving results in file C:\Lsd-7.2-stable\Work\MMM_v.3.6\R\Payback\Sim_1_24.res.gz... Done

Simulation 25 of 50 running...
Simulation 25 of 50 finished at t = 500 (34.88 sec.)
Saving results in file C:\Lsd-7.2-stable\Work\MMM_v.3.6\R\Payback\Sim_1_25.res.gz... Done

Simulation 26 of 50 running...
Simulation 26 of 50 finished at t = 500 (33.42 sec.)
Saving results in file C:\Lsd-7.2-stable\Work\MMM_v.3.6\R\Payback\Sim_1_26.res.gz... Done

Simulation 27 of 50 running...
Simulation 27 of 50 finished at t = 500 (33.51 sec.)
Saving results in file C:\Lsd-7.2-stable\Work\MMM_v.3.6\R\Payback\Sim_1_27.res.gz... Done

Simulation 28 of 50 running...
Simulation 28 of 50 finished at t = 500 (34.18 sec.)
Saving results in file C:\Lsd-7.2-stable\Work\MMM_v.3.6\R\Payback\Sim_1_28.res.gz... Done

Simulation 29 of 50 running...
Simulation 29 of 50 finished at t = 500 (32.26 sec.)
Saving results in file C:\Lsd-7.2-stable\Work\MMM_v.3.6\R\Payback\Sim_1_29.res.gz... Done

Simulation 30 of 50 running...
Simulation 30 of 50 finished at t = 500 (30.37 sec.)
Saving results in file C:\Lsd-7.2-stable\Work\MMM_v.3.6\R\Payback\Sim_1_30.res.gz... Done

Simulation 31 of 50 running...
Simulation 31 of 50 finished at t = 500 (32.81 sec.)
Saving results in file C:\Lsd-7.2-stable\Work\MMM_v.3.6\R\Payback\Sim_1_31.res.gz... Done

Simulation 32 of 50 running...
Simulation 32 of 50 finished at t = 500 (37.03 sec.)
Saving results in file C:\Lsd-7.2-stable\Work\MMM_v.3.6\R\Payback\Sim_1_32.res.gz... Done

Simulation 33 of 50 running...
Simulation 33 of 50 finished at t = 500 (29.65 sec.)
Saving results in file C:\Lsd-7.2-stable\Work\MMM_v.3.6\R\Payback\Sim_1_33.res.gz... Done

Simulation 34 of 50 running...
Simulation 34 of 50 finished at t = 500 (29.62 sec.)
Saving results in file C:\Lsd-7.2-stable\Work\MMM_v.3.6\R\Payback\Sim_1_34.res.gz... Done

Simulation 35 of 50 running...
Simulation 35 of 50 finished at t = 500 (30.93 sec.)
Saving results in file C:\Lsd-7.2-stable\Work\MMM_v.3.6\R\Payback\Sim_1_35.res.gz... Done

Simulation 36 of 50 running...
Simulation 36 of 50 finished at t = 500 (31.27 sec.)
Saving results in file C:\Lsd-7.2-stable\Work\MMM_v.3.6\R\Payback\Sim_1_36.res.gz... Done

Simulation 37 of 50 running...
Simulation 37 of 50 finished at t = 500 (32.04 sec.)
Saving results in file C:\Lsd-7.2-stable\Work\MMM_v.3.6\R\Payback\Sim_1_37.res.gz... Done

Simulation 38 of 50 running...
Simulation 38 of 50 finished at t = 500 (30.86 sec.)
Saving results in file C:\Lsd-7.2-stable\Work\MMM_v.3.6\R\Payback\Sim_1_38.res.gz... Done

Simulation 39 of 50 running...
Simulation 39 of 50 finished at t = 500 (35.43 sec.)
Saving results in file C:\Lsd-7.2-stable\Work\MMM_v.3.6\R\Payback\Sim_1_39.res.gz... Done

Simulation 40 of 50 running...
Simulation 40 of 50 finished at t = 500 (41.13 sec.)
Saving results in file C:\Lsd-7.2-stable\Work\MMM_v.3.6\R\Payback\Sim_1_40.res.gz... Done

Simulation 41 of 50 running...
Simulation 41 of 50 finished at t = 500 (25.66 sec.)
Saving results in file C:\Lsd-7.2-stable\Work\MMM_v.3.6\R\Payback\Sim_1_41.res.gz... Done

Simulation 42 of 50 running...
Simulation 42 of 50 finished at t = 500 (30.08 sec.)
Saving results in file C:\Lsd-7.2-stable\Work\MMM_v.3.6\R\Payback\Sim_1_42.res.gz... Done

Simulation 43 of 50 running...
Simulation 43 of 50 finished at t = 500 (29.03 sec.)
Saving results in file C:\Lsd-7.2-stable\Work\MMM_v.3.6\R\Payback\Sim_1_43.res.gz... Done

Simulation 44 of 50 running...
Simulation 44 of 50 finished at t = 500 (35.48 sec.)
Saving results in file C:\Lsd-7.2-stable\Work\MMM_v.3.6\R\Payback\Sim_1_44.res.gz... Done

Simulation 45 of 50 running...
Simulation 45 of 50 finished at t = 500 (35.77 sec.)
Saving results in file C:\Lsd-7.2-stable\Work\MMM_v.3.6\R\Payback\Sim_1_45.res.gz... Done

Simulation 46 of 50 running...
Simulation 46 of 50 finished at t = 500 (31.75 sec.)
Saving results in file C:\Lsd-7.2-stable\Work\MMM_v.3.6\R\Payback\Sim_1_46.res.gz... Done

Simulation 47 of 50 running...
Simulation 47 of 50 finished at t = 500 (29.43 sec.)
Saving results in file C:\Lsd-7.2-stable\Work\MMM_v.3.6\R\Payback\Sim_1_47.res.gz... Done

Simulation 48 of 50 running...
Simulation 48 of 50 finished at t = 500 (31.34 sec.)
Saving results in file C:\Lsd-7.2-stable\Work\MMM_v.3.6\R\Payback\Sim_1_48.res.gz... Done

Simulation 49 of 50 running...
Simulation 49 of 50 finished at t = 500 (39.64 sec.)
Saving results in file C:\Lsd-7.2-stable\Work\MMM_v.3.6\R\Payback\Sim_1_49.res.gz... Done

Simulation 50 of 50 running...
Simulation 50 of 50 finished at t = 500 (36.69 sec.)
Saving results in file C:\Lsd-7.2-stable\Work\MMM_v.3.6\R\Payback\Sim_1_50.res.gz... Done

Saving totals in file C:\Lsd-7.2-stable\Work\MMM_v.3.6\R\Payback\Sim_1_1_50.tot.gz... Done

Processing configuration file C:\Lsd-7.2-stable\Work\MMM_v.3.6\R\Payback\Sim_2.lsd ...

Simulation 1 of 50 running...
Simulation 1 of 50 finished at t = 500 (32.57 sec.)
Saving results in file C:\Lsd-7.2-stable\Work\MMM_v.3.6\R\Payback\Sim_2_1.res.gz... Done

Simulation 2 of 50 running...
Simulation 2 of 50 finished at t = 500 (31.31 sec.)
Saving results in file C:\Lsd-7.2-stable\Work\MMM_v.3.6\R\Payback\Sim_2_2.res.gz... Done

Simulation 3 of 50 running...
Simulation 3 of 50 finished at t = 500 (31.02 sec.)
Saving results in file C:\Lsd-7.2-stable\Work\MMM_v.3.6\R\Payback\Sim_2_3.res.gz... Done

Simulation 4 of 50 running...
Simulation 4 of 50 finished at t = 500 (29.78 sec.)
Saving results in file C:\Lsd-7.2-stable\Work\MMM_v.3.6\R\Payback\Sim_2_4.res.gz... Done

Simulation 5 of 50 running...
Simulation 5 of 50 finished at t = 500 (35.01 sec.)
Saving results in file C:\Lsd-7.2-stable\Work\MMM_v.3.6\R\Payback\Sim_2_5.res.gz... Done

Simulation 6 of 50 running...
Simulation 6 of 50 finished at t = 500 (26.66 sec.)
Saving results in file C:\Lsd-7.2-stable\Work\MMM_v.3.6\R\Payback\Sim_2_6.res.gz... Done

Simulation 7 of 50 running...
Simulation 7 of 50 finished at t = 500 (24.08 sec.)
Saving results in file C:\Lsd-7.2-stable\Work\MMM_v.3.6\R\Payback\Sim_2_7.res.gz... Done

Simulation 8 of 50 running...
Simulation 8 of 50 finished at t = 500 (26.39 sec.)
Saving results in file C:\Lsd-7.2-stable\Work\MMM_v.3.6\R\Payback\Sim_2_8.res.gz... Done

Simulation 9 of 50 running...
Simulation 9 of 50 finished at t = 500 (24.44 sec.)
Saving results in file C:\Lsd-7.2-stable\Work\MMM_v.3.6\R\Payback\Sim_2_9.res.gz... Done

Simulation 10 of 50 running...
Simulation 10 of 50 finished at t = 500 (43.49 sec.)
Saving results in file C:\Lsd-7.2-stable\Work\MMM_v.3.6\R\Payback\Sim_2_10.res.gz... Done

Simulation 11 of 50 running...
Simulation 11 of 50 finished at t = 500 (24.33 sec.)
Saving results in file C:\Lsd-7.2-stable\Work\MMM_v.3.6\R\Payback\Sim_2_11.res.gz... Done

Simulation 12 of 50 running...
Simulation 12 of 50 finished at t = 500 (23.42 sec.)
Saving results in file C:\Lsd-7.2-stable\Work\MMM_v.3.6\R\Payback\Sim_2_12.res.gz... Done

Simulation 13 of 50 running...
Simulation 13 of 50 finished at t = 500 (26.53 sec.)
Saving results in file C:\Lsd-7.2-stable\Work\MMM_v.3.6\R\Payback\Sim_2_13.res.gz... Done

Simulation 14 of 50 running...
Simulation 14 of 50 finished at t = 500 (27.90 sec.)
Saving results in file C:\Lsd-7.2-stable\Work\MMM_v.3.6\R\Payback\Sim_2_14.res.gz... Done

Simulation 15 of 50 running...
Simulation 15 of 50 finished at t = 500 (36.75 sec.)
Saving results in file C:\Lsd-7.2-stable\Work\MMM_v.3.6\R\Payback\Sim_2_15.res.gz... Done

Simulation 16 of 50 running...
Simulation 16 of 50 finished at t = 500 (23.73 sec.)
Saving results in file C:\Lsd-7.2-stable\Work\MMM_v.3.6\R\Payback\Sim_2_16.res.gz... Done

Simulation 17 of 50 running...
Simulation 17 of 50 finished at t = 500 (26.84 sec.)
Saving results in file C:\Lsd-7.2-stable\Work\MMM_v.3.6\R\Payback\Sim_2_17.res.gz... Done

Simulation 18 of 50 running...
Simulation 18 of 50 finished at t = 500 (32.16 sec.)
Saving results in file C:\Lsd-7.2-stable\Work\MMM_v.3.6\R\Payback\Sim_2_18.res.gz... Done

Simulation 19 of 50 running...
Simulation 19 of 50 finished at t = 500 (24.18 sec.)
Saving results in file C:\Lsd-7.2-stable\Work\MMM_v.3.6\R\Payback\Sim_2_19.res.gz... Done

Simulation 20 of 50 running...
Simulation 20 of 50 finished at t = 500 (25.02 sec.)
Saving results in file C:\Lsd-7.2-stable\Work\MMM_v.3.6\R\Payback\Sim_2_20.res.gz... Done

Simulation 21 of 50 running...
Simulation 21 of 50 finished at t = 500 (25.31 sec.)
Saving results in file C:\Lsd-7.2-stable\Work\MMM_v.3.6\R\Payback\Sim_2_21.res.gz... Done

Simulation 22 of 50 running...
Simulation 22 of 50 finished at t = 500 (27.98 sec.)
Saving results in file C:\Lsd-7.2-stable\Work\MMM_v.3.6\R\Payback\Sim_2_22.res.gz... Done

Simulation 23 of 50 running...
Simulation 23 of 50 finished at t = 500 (24.43 sec.)
Saving results in file C:\Lsd-7.2-stable\Work\MMM_v.3.6\R\Payback\Sim_2_23.res.gz... Done

Simulation 24 of 50 running...
Simulation 24 of 50 finished at t = 500 (24.30 sec.)
Saving results in file C:\Lsd-7.2-stable\Work\MMM_v.3.6\R\Payback\Sim_2_24.res.gz... Done

Simulation 25 of 50 running...
Simulation 25 of 50 finished at t = 500 (28.35 sec.)
Saving results in file C:\Lsd-7.2-stable\Work\MMM_v.3.6\R\Payback\Sim_2_25.res.gz... Done

Simulation 26 of 50 running...
Simulation 26 of 50 finished at t = 500 (24.32 sec.)
Saving results in file C:\Lsd-7.2-stable\Work\MMM_v.3.6\R\Payback\Sim_2_26.res.gz... Done

Simulation 27 of 50 running...
Simulation 27 of 50 finished at t = 500 (26.42 sec.)
Saving results in file C:\Lsd-7.2-stable\Work\MMM_v.3.6\R\Payback\Sim_2_27.res.gz... Done

Simulation 28 of 50 running...
Simulation 28 of 50 finished at t = 500 (24.80 sec.)
Saving results in file C:\Lsd-7.2-stable\Work\MMM_v.3.6\R\Payback\Sim_2_28.res.gz... Done

Simulation 29 of 50 running...
Simulation 29 of 50 finished at t = 500 (26.98 sec.)
Saving results in file C:\Lsd-7.2-stable\Work\MMM_v.3.6\R\Payback\Sim_2_29.res.gz... Done

Simulation 30 of 50 running...
Simulation 30 of 50 finished at t = 500 (30.12 sec.)
Saving results in file C:\Lsd-7.2-stable\Work\MMM_v.3.6\R\Payback\Sim_2_30.res.gz... Done

Simulation 31 of 50 running...
Simulation 31 of 50 finished at t = 500 (27.58 sec.)
Saving results in file C:\Lsd-7.2-stable\Work\MMM_v.3.6\R\Payback\Sim_2_31.res.gz... Done

Simulation 32 of 50 running...
Simulation 32 of 50 finished at t = 500 (27.95 sec.)
Saving results in file C:\Lsd-7.2-stable\Work\MMM_v.3.6\R\Payback\Sim_2_32.res.gz... Done

Simulation 33 of 50 running...
Simulation 33 of 50 finished at t = 500 (24.25 sec.)
Saving results in file C:\Lsd-7.2-stable\Work\MMM_v.3.6\R\Payback\Sim_2_33.res.gz... Done

Simulation 34 of 50 running...
Simulation 34 of 50 finished at t = 500 (24.90 sec.)
Saving results in file C:\Lsd-7.2-stable\Work\MMM_v.3.6\R\Payback\Sim_2_34.res.gz... Done

Simulation 35 of 50 running...
Simulation 35 of 50 finished at t = 500 (26.01 sec.)
Saving results in file C:\Lsd-7.2-stable\Work\MMM_v.3.6\R\Payback\Sim_2_35.res.gz... Done

Simulation 36 of 50 running...
Simulation 36 of 50 finished at t = 500 (26.17 sec.)
Saving results in file C:\Lsd-7.2-stable\Work\MMM_v.3.6\R\Payback\Sim_2_36.res.gz... Done

Simulation 37 of 50 running...
Simulation 37 of 50 finished at t = 500 (27.00 sec.)
Saving results in file C:\Lsd-7.2-stable\Work\MMM_v.3.6\R\Payback\Sim_2_37.res.gz... Done

Simulation 38 of 50 running...
Simulation 38 of 50 finished at t = 500 (26.25 sec.)
Saving results in file C:\Lsd-7.2-stable\Work\MMM_v.3.6\R\Payback\Sim_2_38.res.gz... Done

Simulation 39 of 50 running...
Simulation 39 of 50 finished at t = 500 (35.20 sec.)
Saving results in file C:\Lsd-7.2-stable\Work\MMM_v.3.6\R\Payback\Sim_2_39.res.gz... Done

Simulation 40 of 50 running...
Simulation 40 of 50 finished at t = 500 (26.07 sec.)
Saving results in file C:\Lsd-7.2-stable\Work\MMM_v.3.6\R\Payback\Sim_2_40.res.gz... Done

Simulation 41 of 50 running...
Simulation 41 of 50 finished at t = 500 (30.17 sec.)
Saving results in file C:\Lsd-7.2-stable\Work\MMM_v.3.6\R\Payback\Sim_2_41.res.gz... Done

Simulation 42 of 50 running...
Simulation 42 of 50 finished at t = 500 (28.47 sec.)
Saving results in file C:\Lsd-7.2-stable\Work\MMM_v.3.6\R\Payback\Sim_2_42.res.gz... Done

Simulation 43 of 50 running...
Simulation 43 of 50 finished at t = 500 (29.37 sec.)
Saving results in file C:\Lsd-7.2-stable\Work\MMM_v.3.6\R\Payback\Sim_2_43.res.gz... Done

Simulation 44 of 50 running...
Simulation 44 of 50 finished at t = 500 (27.43 sec.)
Saving results in file C:\Lsd-7.2-stable\Work\MMM_v.3.6\R\Payback\Sim_2_44.res.gz... Done

Simulation 45 of 50 running...
Simulation 45 of 50 finished at t = 500 (29.45 sec.)
Saving results in file C:\Lsd-7.2-stable\Work\MMM_v.3.6\R\Payback\Sim_2_45.res.gz... Done

Simulation 46 of 50 running...
Simulation 46 of 50 finished at t = 500 (25.78 sec.)
Saving results in file C:\Lsd-7.2-stable\Work\MMM_v.3.6\R\Payback\Sim_2_46.res.gz... Done

Simulation 47 of 50 running...
Simulation 47 of 50 finished at t = 500 (26.34 sec.)
Saving results in file C:\Lsd-7.2-stable\Work\MMM_v.3.6\R\Payback\Sim_2_47.res.gz... Done

Simulation 48 of 50 running...
Simulation 48 of 50 finished at t = 500 (25.88 sec.)
Saving results in file C:\Lsd-7.2-stable\Work\MMM_v.3.6\R\Payback\Sim_2_48.res.gz... Done

Simulation 49 of 50 running...
Simulation 49 of 50 finished at t = 500 (29.71 sec.)
Saving results in file C:\Lsd-7.2-stable\Work\MMM_v.3.6\R\Payback\Sim_2_49.res.gz... Done

Simulation 50 of 50 running...
Simulation 50 of 50 finished at t = 500 (23.03 sec.)
Saving results in file C:\Lsd-7.2-stable\Work\MMM_v.3.6\R\Payback\Sim_2_50.res.gz... Done

Saving totals in file C:\Lsd-7.2-stable\Work\MMM_v.3.6\R\Payback\Sim_2_1_50.tot.gz... Done

Finished processing C:\Lsd-7.2-stable\Work\MMM_v.3.6\R\Payback\Sim
